<?xml version="1.0" encoding="UTF-8"?>
<testsuite xmlns:xsi="http://www.w3.org/2001/XMLSchema-instance" xsi:schemaLocation="https://maven.apache.org/surefire/maven-surefire-plugin/xsd/surefire-test-report.xsd" name="com.gmail.tests.features.search.WhenLoginToGmail" time="25.049" tests="1" errors="1" skipped="0" failures="0">
  <properties>
[...]
</properties>
  <testcase name="shouldBeAbleToLogin" classname="com.gmail.tests.features.search.WhenLoginToGmail" time="18.294">
    <error type="java.lang.NullPointerException">java.lang.NullPointerException
	at com.gmail.tests.features.search.WhenLoginToGmail.shouldBeAbleToLogin(WhenLoginToGmail.java:31)
</error>
    <system-out><![CDATA[Story name for com.gmail.tests.features.search => TestTag{name='Search/When login to gmail', type='story'}
]]></system-out>
    <system-err><![CDATA[[main] INFO net.serenitybdd.core.Serenity - &amp#27;[36m

-------------------------------------------------------------------------------------
     _______. _______ .______       _______ .__   __.  __  .___________.____    ____ 
    /       ||   ____||   _  \     |   ____||  \ |  | |  | |           |\   \  /   / 
   |   (----`|  |__   |  |_)  |    |  |__   |   \|  | |  | `---|  |----` \   \/   /  
    \   \    |   __|  |      /     |   __|  |  . `  | |  |     |  |       \_    _/   
.----)   |   |  |____ |  |\  \----.|  |____ |  |\   | |  |     |  |         |  |     
|_______/    |_______|| _| `._____||_______||__| \__| |__|     |__|         |__|    
                                                                                     
 News and tutorials at http://www.serenity-bdd.info                                  
 Documentation at https://wakaleo.gitbooks.io/the-serenity-book/content/             
 Join the Serenity Community on Rocket Chat at https://serenity-bdd.rocket.chat      
 Serenity BDD Support and Training at http://serenity-bdd.info/#/trainingandsupport  
 Learn Serenity BDD online at http://serenity-dojo.com                               
-------------------------------------------------------------------------------------
&amp#27;[0m
[main] INFO net.serenitybdd.core.Serenity - Test Suite Started: When login to gmail
[main] INFO net.serenitybdd.core.Serenity - 
 _____ _____ ____ _____   ____ _____  _    ____ _____ _____ ____  
|_   _| ____/ ___|_   _| / ___|_   _|/ \  |  _ \_   _| ____|  _ \ 
  | | |  _| \___ \ | |   \___ \ | | / _ \ | |_) || | |  _| | | | |
  | | | |___ ___) || |    ___) || |/ ___ \|  _ < | | | |___| |_| |
  |_| |_____|____/ |_|   |____/ |_/_/   \_\_| \_\|_| |_____|____/ 
                                                                  

TEST STARTED: shouldBeAbleToLogin
-------------------------------------------------------------------
[main] INFO net.serenitybdd.core.Serenity - TEST NUMBER: 1
Starting ChromeDriver 2.34.522940 (1a76f96f66e3ca7b8e57d503b4dd3bccfba87af1) on port 46691
Only local connections are allowed.
Feb 18, 2018 8:50:59 PM org.openqa.selenium.remote.ProtocolHandshake createSession
INFO: Detected dialect: OSS
[Darkroom Processing Line] WARN net.serenitybdd.core.photography.resizing.Resizer - Could not save resized screenshot
javax.imageio.IIOException: Error reading PNG image data
	at com.sun.imageio.plugins.png.PNGImageReader.readImage(PNGImageReader.java:1345)
	at com.sun.imageio.plugins.png.PNGImageReader.read(PNGImageReader.java:1614)
	at javax.imageio.ImageIO.read(ImageIO.java:1448)
	at javax.imageio.ImageIO.read(ImageIO.java:1352)
	at net.serenitybdd.core.photography.resizing.Resizer.saveResizedScreenshotTo(Resizer.java:52)
	at net.serenitybdd.core.photography.resizing.Resizer.process(Resizer.java:42)
	at net.serenitybdd.core.photography.DarkroomProcessingLine.saveProcessedScreenshot(DarkroomProcessingLine.java:107)
	at net.serenitybdd.core.photography.DarkroomProcessingLine.process(DarkroomProcessingLine.java:91)
	at net.serenitybdd.core.photography.DarkroomProcessingLine.processNegative(DarkroomProcessingLine.java:80)
	at net.serenitybdd.core.photography.DarkroomProcessingLine.run(DarkroomProcessingLine.java:58)
	at java.lang.Thread.run(Thread.java:745)
Caused by: java.io.IOException: There is not enough space on the disk
	at java.io.RandomAccessFile.writeBytes(Native Method)
	at java.io.RandomAccessFile.write(RandomAccessFile.java:525)
	at javax.imageio.stream.FileCacheImageInputStream.readUntil(FileCacheImageInputStream.java:148)
	at javax.imageio.stream.FileCacheImageInputStream.read(FileCacheImageInputStream.java:187)
	at com.sun.imageio.plugins.common.SubImageInputStream.read(SubImageInputStream.java:61)
	at com.sun.imageio.plugins.common.InputStreamAdapter.read(InputStreamAdapter.java:47)
	at java.io.SequenceInputStream.read(SequenceInputStream.java:207)
	at java.util.zip.InflaterInputStream.fill(InflaterInputStream.java:238)
	at java.util.zip.InflaterInputStream.read(InflaterInputStream.java:158)
	at java.io.BufferedInputStream.fill(BufferedInputStream.java:246)
	at java.io.BufferedInputStream.read1(BufferedInputStream.java:286)
	at java.io.BufferedInputStream.read(BufferedInputStream.java:345)
	at java.io.DataInputStream.readFully(DataInputStream.java:195)
	at com.sun.imageio.plugins.png.PNGImageReader.decodePass(PNGImageReader.java:1119)
	at com.sun.imageio.plugins.png.PNGImageReader.decodeImage(PNGImageReader.java:1223)
	at com.sun.imageio.plugins.png.PNGImageReader.readImage(PNGImageReader.java:1338)
	... 10 more
[Darkroom Processing Line] WARN net.serenitybdd.core.photography.resizing.Resizer - Could not save resized screenshot
javax.imageio.IIOException: Error reading PNG image data
	at com.sun.imageio.plugins.png.PNGImageReader.readImage(PNGImageReader.java:1345)
	at com.sun.imageio.plugins.png.PNGImageReader.read(PNGImageReader.java:1614)
	at javax.imageio.ImageIO.read(ImageIO.java:1448)
	at javax.imageio.ImageIO.read(ImageIO.java:1352)
	at net.serenitybdd.core.photography.resizing.Resizer.saveResizedScreenshotTo(Resizer.java:52)
	at net.serenitybdd.core.photography.resizing.Resizer.process(Resizer.java:42)
	at net.serenitybdd.core.photography.DarkroomProcessingLine.saveProcessedScreenshot(DarkroomProcessingLine.java:107)
	at net.serenitybdd.core.photography.DarkroomProcessingLine.process(DarkroomProcessingLine.java:91)
	at net.serenitybdd.core.photography.DarkroomProcessingLine.processNegative(DarkroomProcessingLine.java:80)
	at net.serenitybdd.core.photography.DarkroomProcessingLine.run(DarkroomProcessingLine.java:58)
	at java.lang.Thread.run(Thread.java:745)
Caused by: java.io.IOException: There is not enough space on the disk
	at java.io.RandomAccessFile.writeBytes(Native Method)
	at java.io.RandomAccessFile.write(RandomAccessFile.java:525)
	at javax.imageio.stream.FileCacheImageInputStream.readUntil(FileCacheImageInputStream.java:148)
	at javax.imageio.stream.FileCacheImageInputStream.read(FileCacheImageInputStream.java:187)
	at com.sun.imageio.plugins.common.SubImageInputStream.read(SubImageInputStream.java:61)
	at com.sun.imageio.plugins.common.InputStreamAdapter.read(InputStreamAdapter.java:47)
	at java.io.SequenceInputStream.read(SequenceInputStream.java:207)
	at java.util.zip.InflaterInputStream.fill(InflaterInputStream.java:238)
	at java.util.zip.InflaterInputStream.read(InflaterInputStream.java:158)
	at java.io.BufferedInputStream.fill(BufferedInputStream.java:246)
	at java.io.BufferedInputStream.read1(BufferedInputStream.java:286)
	at java.io.BufferedInputStream.read(BufferedInputStream.java:345)
	at java.io.DataInputStream.readFully(DataInputStream.java:195)
	at com.sun.imageio.plugins.png.PNGImageReader.decodePass(PNGImageReader.java:1119)
	at com.sun.imageio.plugins.png.PNGImageReader.decodeImage(PNGImageReader.java:1223)
	at com.sun.imageio.plugins.png.PNGImageReader.readImage(PNGImageReader.java:1338)
	... 10 more
]]></system-err>
  </testcase>
</testsuite>