<?xml version="1.0" encoding="UTF-8"?><testsuite errors="1" failures="0" name="com.gmail.tests.features.search.WhenLoginToGmail" skipped="0" tests="1" time="22.0" timestamp="2018-04-15T22:15:37.143+05:30[Asia/Calcutta]"><testcase classname="com.gmail.tests.features.search.WhenLoginToGmail" name="Should be able to login"><error type="java.lang.NullPointerException"/><system-err>null&#13;
com.gmail.tests.features.search.WhenLoginToGmail.shouldBeAbleToLogin(WhenLoginToGmail.java:31)&#13;
org.eclipse.jdt.internal.junit4.runner.JUnit4TestReference.run(JUnit4TestReference.java:86)&#13;
org.eclipse.jdt.internal.junit.runner.TestExecution.run(TestExecution.java:38)&#13;
org.eclipse.jdt.internal.junit.runner.RemoteTestRunner.runTests(RemoteTestRunner.java:459)&#13;
org.eclipse.jdt.internal.junit.runner.RemoteTestRunner.runTests(RemoteTestRunner.java:675)&#13;
org.eclipse.jdt.internal.junit.runner.RemoteTestRunner.run(RemoteTestRunner.java:382)&#13;
org.eclipse.jdt.internal.junit.runner.RemoteTestRunner.main(RemoteTestRunner.java:192)&#13;
</system-err></testcase></testsuite>