<?xml version="1.0" encoding="UTF-8"?><testsuite errors="1" failures="0" name="com.gmail.tests.features.search.WhenLoginToGmail" skipped="0" tests="1" time="18.21" timestamp="2018-02-18T20:50:51.583+05:30[Asia/Calcutta]"><testcase classname="com.gmail.tests.features.search.WhenLoginToGmail" name="Should be able to login"><error type="java.lang.NullPointerException"/><system-err>null&#13;
com.gmail.tests.features.search.WhenLoginToGmail.shouldBeAbleToLogin(WhenLoginToGmail.java:31)&#13;
</system-err></testcase></testsuite>